<?xml version="1.0" encoding="UTF-8"?>
<testng-results total="1" passed="1" failed="0" skipped="0">
  <reporter-output>
  </reporter-output>
  <suite started-at="2022-10-05T17:11:58Z" name="Suite" finished-at="2022-10-05T17:12:12Z" duration-ms="13893">
    <groups>
    </groups>
    <test started-at="2022-10-05T17:11:58Z" name="Test" finished-at="2022-10-05T17:12:12Z" duration-ms="13893">
      <class name="TestNGwithJenkins.ClassValidationOnWomenPage">
        <test-method signature="WomenPage()[pri:0, instance:TestNGwithJenkins.ClassValidationOnWomenPage@5a5338df]" started-at="2022-10-05T22:41:58Z" name="WomenPage" finished-at="2022-10-05T22:42:12Z" duration-ms="13883" status="PASS">
          <reporter-output>
          </reporter-output>
        </test-method> <!-- WomenPage -->
      </class> <!-- TestNGwithJenkins.ClassValidationOnWomenPage -->
    </test> <!-- Test -->
  </suite> <!-- Suite -->
</testng-results>
