<?xml version="1.0" encoding="UTF-8"?>
<testng-results ignored="0" total="1" passed="1" failed="0" skipped="0">
  <reporter-output>
  </reporter-output>
  <suite started-at="2022-11-15T22:28:14 IST" name="Default suite" finished-at="2022-11-15T22:28:14 IST" duration-ms="50">
    <groups>
    </groups>
    <test started-at="2022-11-15T22:28:14 IST" name="Default test" finished-at="2022-11-15T22:28:14 IST" duration-ms="50">
      <class name="CoverProgrmming1.CovertDataTyps">
        <test-method signature="name()[pri:0, instance:CoverProgrmming1.CovertDataTyps@53fdffa1]" started-at="2022-11-15T22:28:14 IST" name="name" finished-at="2022-11-15T22:28:14 IST" duration-ms="9" status="PASS">
          <reporter-output>
          </reporter-output>
        </test-method> <!-- name -->
      </class> <!-- CoverProgrmming1.CovertDataTyps -->
    </test> <!-- Default test -->
  </suite> <!-- Default suite -->
</testng-results>
